<?xml version="1.0" encoding="UTF-8"?>
<testsuite xmlns:xsi="http://www.w3.org/2001/XMLSchema-instance" xsi:noNamespaceSchemaLocation="https://maven.apache.org/surefire/maven-failsafe-plugin/xsd/failsafe-test-report-3.0.xsd" version="3.0" name="com.tutorialsninja.automation.runner.TestRunner" time="154.931" tests="1" errors="0" skipped="0" failures="1">
  <properties>
[...]
</properties>
  <testcase name="null on com.tutorialsninja.automation.runner.TestRunner" classname="com.tutorialsninja.automation.runner.TestRunner" time="154.133">
    <failure message="java.lang.NoSuchMethodError: org.apache.pdfbox.pdmodel.interactive.annotation.PDAnnotation.constructAppearances()V" type="java.lang.BootstrapMethodError">java.lang.BootstrapMethodError: java.lang.NoSuchMethodError: org.apache.pdfbox.pdmodel.interactive.annotation.PDAnnotation.constructAppearances()V
Caused by: java.lang.NoSuchMethodError: org.apache.pdfbox.pdmodel.interactive.annotation.PDAnnotation.constructAppearances()V
</failure>
    <system-out><![CDATA[
Scenario: Verify whether the user is able to login with valid credentials                           # FeatureFiles//Login.feature:4
2022-04-26 10:18:21 [INFO ] [Hooks] - [setUp] Scenario Started: Verify whether the user is able to login with valid credentials
2022-04-26 10:18:21 [INFO ] [Browser] - [startBrowser] Selected Browser is: chrome
2022-04-26 10:18:27 [INFO ] [Browser] - [startBrowser] Chrome Browser is Started2079278380
  Given I launch the application                                                                    # com.tutorialsninja.automation.stepdef.Register.i_launch_the_application()
  And I navigate to login page                                                                      # com.tutorialsninja.automation.stepdef.Login.i_navigate_to_login_page()
  When I Login to application using username "tusharnangre5446@gmail.com" and password "tushar1234" # com.tutorialsninja.automation.stepdef.Login.i_login_to_application_using_username_something_and_password_something(java.lang.String,java.lang.String)
  Then I should see that user is able to login successfully                                         # com.tutorialsninja.automation.stepdef.Login.i_should_see_that_user_is_able_to_login_successfully()
2022-04-26 10:18:32 [INFO ] [Hooks] - [closeBrowser] Scenario Completed: Verify whether the user is able to login with valid credentials
2022-04-26 10:18:32 [INFO ] [Hooks] - [closeBrowser] Scenario Status is: PASSED

Scenario: Verify whether user is able to login with invalid credentials                             # FeatureFiles//Login.feature:10
2022-04-26 10:18:33 [INFO ] [Hooks] - [setUp] Scenario Started: Verify whether user is able to login with invalid credentials
2022-04-26 10:18:33 [INFO ] [Browser] - [startBrowser] Selected Browser is: chrome
2022-04-26 10:18:35 [INFO ] [Browser] - [startBrowser] Chrome Browser is Started1063723524
  Given I launch the application                                                                    # com.tutorialsninja.automation.stepdef.Register.i_launch_the_application()
  And I navigate to login page                                                                      # com.tutorialsninja.automation.stepdef.Login.i_navigate_to_login_page()
  When I Login to application using username "tusharnangre5446@gmail.com" and password "tushartest" # com.tutorialsninja.automation.stepdef.Login.i_login_to_application_using_username_something_and_password_something(java.lang.String,java.lang.String)
  Then I should see validation message for incorrect credentials                                    # com.tutorialsninja.automation.stepdef.Login.i_should_see_validation_message_for_incorrect_credentials()
2022-04-26 10:18:42 [INFO ] [Hooks] - [closeBrowser] Scenario Completed: Verify whether user is able to login with invalid credentials
2022-04-26 10:18:42 [INFO ] [Hooks] - [closeBrowser] Scenario Status is: PASSED

Scenario: Verify whether user is able to login without providing credentials # FeatureFiles//Login.feature:17
2022-04-26 10:18:42 [INFO ] [Hooks] - [setUp] Scenario Started: Verify whether user is able to login without providing credentials
2022-04-26 10:18:42 [INFO ] [Browser] - [startBrowser] Selected Browser is: chrome
2022-04-26 10:18:46 [INFO ] [Browser] - [startBrowser] Chrome Browser is Started538292941
  Given I launch the application                                             # com.tutorialsninja.automation.stepdef.Register.i_launch_the_application()
  And I navigate to login page                                               # com.tutorialsninja.automation.stepdef.Login.i_navigate_to_login_page()
  When I Login to application using username "" and password ""              # com.tutorialsninja.automation.stepdef.Login.i_login_to_application_using_username_something_and_password_something(java.lang.String,java.lang.String)
  Then I should see validation message for incorrect credentials             # com.tutorialsninja.automation.stepdef.Login.i_should_see_validation_message_for_incorrect_credentials()
2022-04-26 10:18:53 [INFO ] [Hooks] - [closeBrowser] Scenario Completed: Verify whether user is able to login without providing credentials
2022-04-26 10:18:53 [INFO ] [Hooks] - [closeBrowser] Scenario Status is: PASSED

Scenario: Verify whether user is able to reset the forgotten password                                                           # FeatureFiles//Login.feature:24
2022-04-26 10:18:54 [INFO ] [Hooks] - [setUp] Scenario Started: Verify whether user is able to reset the forgotten password
2022-04-26 10:18:54 [INFO ] [Browser] - [startBrowser] Selected Browser is: chrome
2022-04-26 10:18:58 [INFO ] [Browser] - [startBrowser] Chrome Browser is Started1818453711
  Given I launch the application                                                                                                # com.tutorialsninja.automation.stepdef.Register.i_launch_the_application()
  And I navigate to login page                                                                                                  # com.tutorialsninja.automation.stepdef.Login.i_navigate_to_login_page()
  When I reset the forgotten password for email "tusharnangre5446@gmail.com"                                                    # com.tutorialsninja.automation.stepdef.Login.i_reset_the_forgotten_password_for_email(java.lang.String)
  Then I should see a message informing the user that information related to resetting password have been sent to email address # com.tutorialsninja.automation.stepdef.Login.i_should_see_a_message_informing_the_user_that_information_related_to_resetting_password_have_been_sent_to_email_address()
2022-04-26 10:19:04 [INFO ] [Hooks] - [closeBrowser] Scenario Completed: Verify whether user is able to reset the forgotten password
2022-04-26 10:19:04 [INFO ] [Hooks] - [closeBrowser] Scenario Status is: PASSED

@Two
Scenario: Verify whether user is able to place an order   # FeatureFiles//Order.feature:4
2022-04-26 10:19:05 [INFO ] [Hooks] - [setUp] Scenario Started: Verify whether user is able to place an order
2022-04-26 10:19:05 [INFO ] [Browser] - [startBrowser] Selected Browser is: chrome
2022-04-26 10:19:08 [INFO ] [Browser] - [startBrowser] Chrome Browser is Started1881309779
  Given I login to the application                        # com.tutorialsninja.automation.stepdef.Order.i_login_to_the_application()
  When I add any product to Bag and checkout              # com.tutorialsninja.automation.stepdef.Order.i_add_any_product_to_Bag_and_checkout()
  And I place an order                                    # com.tutorialsninja.automation.stepdef.Order.i_place_an_order()
      org.openqa.selenium.TimeoutException: Expected condition failed: waiting for com.tutorialsninja.automation.framework.Waits$$Lambda$417/209845522@4aa11206 (tried for 30 second(s) with 500 milliseconds interval)
	at org.openqa.selenium.support.ui.WebDriverWait.timeoutException(WebDriverWait.java:95)
	at org.openqa.selenium.support.ui.FluentWait.until(FluentWait.java:272)
	at com.tutorialsninja.automation.framework.Waits.waitUntil(Waits.java:81)
	at com.tutorialsninja.automation.framework.Waits.waitUntil(Waits.java:85)
	at com.tutorialsninja.automation.framework.Elements.click(Elements.java:146)
	at com.tutorialsninja.automation.pages.CheckoutPage.placeAnOrder(CheckoutPage.java:36)
	at com.tutorialsninja.automation.stepdef.Order.i_place_an_order(Order.java:47)
	at âœ½.I place an order(classpath:FeatureFiles//Order.feature:7)
Caused by: org.openqa.selenium.NoSuchElementException: no such element: Unable to locate element: {"method":"css selector","selector":"#button\-payment\-address"}
  (Session info: chrome=100.0.4896.127)
For documentation on this error, please visit: https://www.seleniumhq.org/exceptions/no_such_element.html
Build info: version: '3.141.59', revision: 'e82be7d358', time: '2018-11-14T08:17:03'
System info: host: '7USHAR', ip: '172.29.40.92', os.name: 'Windows 10', os.arch: 'amd64', os.version: '10.0', java.version: '1.8.0_271'
Driver info: org.openqa.selenium.chrome.ChromeDriver
Capabilities {acceptInsecureCerts: false, browserName: chrome, browserVersion: 100.0.4896.127, chrome: {chromedriverVersion: 100.0.4896.60 (6a5d10861ce8..., userDataDir: C:\Users\USER\AppData\Local...}, goog:chromeOptions: {debuggerAddress: localhost:49840}, javascriptEnabled: true, networkConnectionEnabled: false, pageLoadStrategy: normal, platform: WINDOWS, platformName: WINDOWS, proxy: Proxy(), setWindowRect: true, strictFileInteractability: false, timeouts: {implicit: 0, pageLoad: 300000, script: 30000}, unhandledPromptBehavior: dismiss and notify, webauthn:extension:credBlob: true, webauthn:extension:largeBlob: true, webauthn:virtualAuthenticators: true}
Session ID: 875eeca961cd55d7bbeb6b97f24b15df
*** Element info: {Using=id, value=button-payment-address}
	at sun.reflect.GeneratedConstructorAccessor18.newInstance(Unknown Source)
	at sun.reflect.DelegatingConstructorAccessorImpl.newInstance(DelegatingConstructorAccessorImpl.java:45)
	at java.lang.reflect.Constructor.newInstance(Constructor.java:423)
	at org.openqa.selenium.remote.http.W3CHttpResponseCodec.createException(W3CHttpResponseCodec.java:187)
	at org.openqa.selenium.remote.http.W3CHttpResponseCodec.decode(W3CHttpResponseCodec.java:122)
	at org.openqa.selenium.remote.http.W3CHttpResponseCodec.decode(W3CHttpResponseCodec.java:49)
	at org.openqa.selenium.remote.HttpCommandExecutor.execute(HttpCommandExecutor.java:158)
	at org.openqa.selenium.remote.service.DriverCommandExecutor.execute(DriverCommandExecutor.java:83)
	at org.openqa.selenium.remote.RemoteWebDriver.execute(RemoteWebDriver.java:552)
	at org.openqa.selenium.remote.RemoteWebDriver.findElement(RemoteWebDriver.java:323)
	at org.openqa.selenium.remote.RemoteWebDriver.findElementById(RemoteWebDriver.java:372)
	at org.openqa.selenium.By$ById.findElement(By.java:188)
	at org.openqa.selenium.remote.RemoteWebDriver.findElement(RemoteWebDriver.java:315)
	at org.openqa.selenium.support.pagefactory.DefaultElementLocator.findElement(DefaultElementLocator.java:69)
	at org.openqa.selenium.support.pagefactory.internal.LocatingElementHandler.invoke(LocatingElementHandler.java:38)
	at com.sun.proxy.$Proxy21.isDisplayed(Unknown Source)
	at com.tutorialsninja.automation.framework.Elements.isDisplayed(Elements.java:95)
	at com.tutorialsninja.automation.framework.Elements.lambda$click$0(Elements.java:146)
	at com.tutorialsninja.automation.framework.Waits.lambda$waitUntil$0(Waits.java:81)
	at org.openqa.selenium.support.ui.FluentWait.until(FluentWait.java:249)
	at com.tutorialsninja.automation.framework.Waits.waitUntil(Waits.java:81)
	at com.tutorialsninja.automation.framework.Waits.waitUntil(Waits.java:85)
	at com.tutorialsninja.automation.framework.Elements.click(Elements.java:146)
	at com.tutorialsninja.automation.pages.CheckoutPage.placeAnOrder(CheckoutPage.java:36)
	at com.tutorialsninja.automation.stepdef.Order.i_place_an_order(Order.java:47)
	at sun.reflect.NativeMethodAccessorImpl.invoke0(Native Method)
	at sun.reflect.NativeMethodAccessorImpl.invoke(NativeMethodAccessorImpl.java:62)
	at sun.reflect.DelegatingMethodAccessorImpl.invoke(DelegatingMethodAccessorImpl.java:43)
	at java.lang.reflect.Method.invoke(Method.java:498)
	at io.cucumber.java.Invoker.doInvoke(Invoker.java:66)
	at io.cucumber.java.Invoker.invoke(Invoker.java:24)
	at io.cucumber.java.AbstractGlueDefinition.invokeMethod(AbstractGlueDefinition.java:47)
	at io.cucumber.java.JavaStepDefinition.execute(JavaStepDefinition.java:29)
	at io.cucumber.core.runner.CoreStepDefinition.execute(CoreStepDefinition.java:66)
	at io.cucumber.core.runner.PickleStepDefinitionMatch.runStep(PickleStepDefinitionMatch.java:63)
	at io.cucumber.core.runner.ExecutionMode$1.execute(ExecutionMode.java:10)
	at io.cucumber.core.runner.TestStep.executeStep(TestStep.java:92)
	at io.cucumber.core.runner.TestStep.run(TestStep.java:64)
	at io.cucumber.core.runner.PickleStepTestStep.run(PickleStepTestStep.java:51)
	at io.cucumber.core.runner.TestCase.run(TestCase.java:104)
	at io.cucumber.core.runner.Runner.runPickle(Runner.java:71)
	at io.cucumber.junit.PickleRunners$NoStepDescriptions.run(PickleRunners.java:151)
	at io.cucumber.junit.FeatureRunner.runChild(FeatureRunner.java:135)
	at io.cucumber.junit.FeatureRunner.runChild(FeatureRunner.java:27)
	at org.junit.runners.ParentRunner$4.run(ParentRunner.java:331)
	at org.junit.runners.ParentRunner$1.schedule(ParentRunner.java:79)
	at org.junit.runners.ParentRunner.runChildren(ParentRunner.java:329)
	at org.junit.runners.ParentRunner.access$100(ParentRunner.java:66)
	at org.junit.runners.ParentRunner$2.evaluate(ParentRunner.java:293)
	at org.junit.runners.ParentRunner$3.evaluate(ParentRunner.java:306)
	at org.junit.runners.ParentRunner.run(ParentRunner.java:413)
	at io.cucumber.junit.Cucumber.runChild(Cucumber.java:199)
	at io.cucumber.junit.Cucumber.runChild(Cucumber.java:90)
	at org.junit.runners.ParentRunner$4.run(ParentRunner.java:331)
	at org.junit.runners.ParentRunner$1.schedule(ParentRunner.java:79)
	at org.junit.runners.ParentRunner.runChildren(ParentRunner.java:329)
	at org.junit.runners.ParentRunner.access$100(ParentRunner.java:66)
	at org.junit.runners.ParentRunner$2.evaluate(ParentRunner.java:293)
	at io.cucumber.junit.Cucumber$RunCucumber.evaluate(Cucumber.java:234)
	at org.junit.runners.ParentRunner$3.evaluate(ParentRunner.java:306)
	at org.junit.runners.ParentRunner.run(ParentRunner.java:413)
	at org.junit.runner.JUnitCore.run(JUnitCore.java:137)
	at org.junit.runner.JUnitCore.run(JUnitCore.java:115)
	at org.testng.junit.JUnit4TestRunner.start(JUnit4TestRunner.java:82)
	at org.testng.junit.JUnit4TestRunner.run(JUnit4TestRunner.java:70)
	at org.testng.TestRunner$1.run(TestRunner.java:570)
	at org.testng.TestRunner.runJUnitWorkers(TestRunner.java:717)
	at org.testng.TestRunner.privateRunJUnit(TestRunner.java:601)
	at org.testng.TestRunner.run(TestRunner.java:502)
	at org.testng.SuiteRunner.runTest(SuiteRunner.java:455)
	at org.testng.SuiteRunner.runSequentially(SuiteRunner.java:450)
	at org.testng.SuiteRunner.privateRun(SuiteRunner.java:415)
	at org.testng.SuiteRunner.run(SuiteRunner.java:364)
	at org.testng.SuiteRunnerWorker.runSuite(SuiteRunnerWorker.java:52)
	at org.testng.SuiteRunnerWorker.run(SuiteRunnerWorker.java:84)
	at org.testng.TestNG.runSuitesSequentially(TestNG.java:1208)
	at org.testng.TestNG.runSuitesLocally(TestNG.java:1137)
	at org.testng.TestNG.runSuites(TestNG.java:1049)
	at org.testng.TestNG.run(TestNG.java:1017)
	at org.apache.maven.surefire.testng.TestNGExecutor.run(TestNGExecutor.java:135)
	at org.apache.maven.surefire.testng.TestNGDirectoryTestSuite.executeSingleClass(TestNGDirectoryTestSuite.java:112)
	at org.apache.maven.surefire.testng.TestNGDirectoryTestSuite.executeLazy(TestNGDirectoryTestSuite.java:123)
	at org.apache.maven.surefire.testng.TestNGDirectoryTestSuite.execute(TestNGDirectoryTestSuite.java:90)
	at org.apache.maven.surefire.testng.TestNGProvider.invoke(TestNGProvider.java:146)
	at org.apache.maven.surefire.booter.ForkedBooter.invokeProviderInSameClassLoader(ForkedBooter.java:384)
	at org.apache.maven.surefire.booter.ForkedBooter.runSuitesInProcess(ForkedBooter.java:345)
	at org.apache.maven.surefire.booter.ForkedBooter.execute(ForkedBooter.java:126)
	at org.apache.maven.surefire.booter.ForkedBooter.main(ForkedBooter.java:418)

  Then I should see that the order is placed successfully # com.tutorialsninja.automation.stepdef.Order.i_should_see_that_the_order_is_placed_successfully()

    Embedding Verify whether user is able to place an order [image/png 117431 bytes]

2022-04-26 10:19:47 [INFO ] [Hooks] - [closeBrowser] Scenario Completed: Verify whether user is able to place an order
2022-04-26 10:19:47 [INFO ] [Hooks] - [closeBrowser] Scenario Status is: FAILED

@Register
Scenario: Verify whether the user is able to register into the application by providing all the fields # FeatureFiles//Register.feature:4
2022-04-26 10:19:47 [INFO ] [Hooks] - [setUp] Scenario Started: Verify whether the user is able to register into the application by providing all the fields
2022-04-26 10:19:47 [INFO ] [Browser] - [startBrowser] Selected Browser is: chrome
2022-04-26 10:19:50 [INFO ] [Browser] - [startBrowser] Chrome Browser is Started1907228381
  Given I launch the application                                                                       # com.tutorialsninja.automation.stepdef.Register.i_launch_the_application()
  And I navigate to Account Registration page                                                          # com.tutorialsninja.automation.stepdef.Register.i_navigate_to_Account_Registration_page()
  When I provide all the below valid details                                                           # com.tutorialsninja.automation.stepdef.Register.i_provide_all_the_below_valid_details(io.cucumber.datatable.DataTable)
  And I select the Privacy Policy                                                                      # com.tutorialsninja.automation.stepdef.Register.i_select_the_Privacy_Policy()
  And I click on Continue button                                                                       # com.tutorialsninja.automation.stepdef.Register.i_click_on_Continue_button()
  Then I should see that the User Account has successfully created                                     # com.tutorialsninja.automation.stepdef.Register.i_should_see_that_the_User_Account_has_successfully_created()
      org.openqa.selenium.NoSuchElementException: no such element: Unable to locate element: {"method":"link text","selector":"Success"}
  (Session info: chrome=100.0.4896.127)
For documentation on this error, please visit: https://www.seleniumhq.org/exceptions/no_such_element.html
Build info: version: '3.141.59', revision: 'e82be7d358', time: '2018-11-14T08:17:03'
System info: host: '7USHAR', ip: '172.29.40.92', os.name: 'Windows 10', os.arch: 'amd64', os.version: '10.0', java.version: '1.8.0_271'
Driver info: org.openqa.selenium.chrome.ChromeDriver
Capabilities {acceptInsecureCerts: false, browserName: chrome, browserVersion: 100.0.4896.127, chrome: {chromedriverVersion: 100.0.4896.60 (6a5d10861ce8..., userDataDir: C:\Users\USER\AppData\Local...}, goog:chromeOptions: {debuggerAddress: localhost:49871}, javascriptEnabled: true, networkConnectionEnabled: false, pageLoadStrategy: normal, platform: WINDOWS, platformName: WINDOWS, proxy: Proxy(), setWindowRect: true, strictFileInteractability: false, timeouts: {implicit: 0, pageLoad: 300000, script: 30000}, unhandledPromptBehavior: dismiss and notify, webauthn:extension:credBlob: true, webauthn:extension:largeBlob: true, webauthn:virtualAuthenticators: true}
Session ID: 8161e4a34fbea3c62019ebb68127544a
*** Element info: {Using=link text, value=Success}
	at sun.reflect.GeneratedConstructorAccessor18.newInstance(Unknown Source)
	at sun.reflect.DelegatingConstructorAccessorImpl.newInstance(DelegatingConstructorAccessorImpl.java:45)
	at java.lang.reflect.Constructor.newInstance(Constructor.java:423)
	at org.openqa.selenium.remote.http.W3CHttpResponseCodec.createException(W3CHttpResponseCodec.java:187)
	at org.openqa.selenium.remote.http.W3CHttpResponseCodec.decode(W3CHttpResponseCodec.java:122)
	at org.openqa.selenium.remote.http.W3CHttpResponseCodec.decode(W3CHttpResponseCodec.java:49)
	at org.openqa.selenium.remote.HttpCommandExecutor.execute(HttpCommandExecutor.java:158)
	at org.openqa.selenium.remote.service.DriverCommandExecutor.execute(DriverCommandExecutor.java:83)
	at org.openqa.selenium.remote.RemoteWebDriver.execute(RemoteWebDriver.java:552)
	at org.openqa.selenium.remote.RemoteWebDriver.findElement(RemoteWebDriver.java:323)
	at org.openqa.selenium.remote.RemoteWebDriver.findElementByLinkText(RemoteWebDriver.java:380)
	at org.openqa.selenium.By$ByLinkText.findElement(By.java:220)
	at org.openqa.selenium.remote.RemoteWebDriver.findElement(RemoteWebDriver.java:315)
	at org.openqa.selenium.support.pagefactory.DefaultElementLocator.findElement(DefaultElementLocator.java:69)
	at org.openqa.selenium.support.pagefactory.internal.LocatingElementHandler.invoke(LocatingElementHandler.java:38)
	at com.sun.proxy.$Proxy21.getText(Unknown Source)
	at com.tutorialsninja.automation.framework.Elements.getText(Elements.java:44)
	at com.tutorialsninja.automation.stepdef.Register.i_should_see_that_the_User_Account_has_successfully_created(Register.java:52)
	at âœ½.I should see that the User Account has successfully created(classpath:FeatureFiles//Register.feature:15)


    Embedding Verify whether the user is able to register into the application by providing all the fields [image/png 108818 bytes]

2022-04-26 10:19:57 [INFO ] [Hooks] - [closeBrowser] Scenario Completed: Verify whether the user is able to register into the application by providing all the fields
2022-04-26 10:19:57 [INFO ] [Hooks] - [closeBrowser] Scenario Status is: FAILED

Scenario: Verify whether the user is allowed or not to register on skipping mandatory fields # FeatureFiles//Register.feature:17
2022-04-26 10:19:58 [INFO ] [Hooks] - [setUp] Scenario Started: Verify whether the user is allowed or not to register on skipping mandatory fields
2022-04-26 10:19:58 [INFO ] [Browser] - [startBrowser] Selected Browser is: chrome
2022-04-26 10:20:02 [INFO ] [Browser] - [startBrowser] Chrome Browser is Started440815523
  Given I launch the application                                                             # com.tutorialsninja.automation.stepdef.Register.i_launch_the_application()
  And I navigate to Account Registration page                                                # com.tutorialsninja.automation.stepdef.Register.i_navigate_to_Account_Registration_page()
  And I click on Continue button                                                             # com.tutorialsninja.automation.stepdef.Register.i_click_on_Continue_button()
  Then I should see that the user Account is not created                                     # com.tutorialsninja.automation.stepdef.Register.i_should_see_that_the_user_Account_is_not_created()
  And I should see error message informing the user to fill the mandatory fields             # com.tutorialsninja.automation.stepdef.Register.i_should_see_error_message_informing_the_user_to_fill_the_mandatory_fields()
2022-04-26 10:20:09 [INFO ] [Hooks] - [closeBrowser] Scenario Completed: Verify whether the user is allowed or not to register on skipping mandatory fields
2022-04-26 10:20:09 [INFO ] [Hooks] - [closeBrowser] Scenario Status is: PASSED

@Register
Scenario: Verify whether the user is able to register into application by opting for Newsletter subscription # FeatureFiles//Register.feature:25
2022-04-26 10:20:10 [INFO ] [Hooks] - [setUp] Scenario Started: Verify whether the user is able to register into application by opting for Newsletter subscription
2022-04-26 10:20:10 [INFO ] [Browser] - [startBrowser] Selected Browser is: chrome
2022-04-26 10:20:14 [INFO ] [Browser] - [startBrowser] Chrome Browser is Started673684041
  Given I launch the application                                                                             # com.tutorialsninja.automation.stepdef.Register.i_launch_the_application()
  And I navigate to Account Registration page                                                                # com.tutorialsninja.automation.stepdef.Register.i_navigate_to_Account_Registration_page()
  When I provide all the below valid details                                                                 # com.tutorialsninja.automation.stepdef.Register.i_provide_all_the_below_valid_details(io.cucumber.datatable.DataTable)
  And I select the Privacy Policy                                                                            # com.tutorialsninja.automation.stepdef.Register.i_select_the_Privacy_Policy()
  And I subscribe to newsletter                                                                              # com.tutorialsninja.automation.stepdef.Register.i_subscribe_to_newsletter()
  And I click on Continue button                                                                             # com.tutorialsninja.automation.stepdef.Register.i_click_on_Continue_button()
  Then I should see that the User Account has successfully created                                           # com.tutorialsninja.automation.stepdef.Register.i_should_see_that_the_User_Account_has_successfully_created()
      org.openqa.selenium.NoSuchElementException: no such element: Unable to locate element: {"method":"link text","selector":"Success"}
  (Session info: chrome=100.0.4896.127)
For documentation on this error, please visit: https://www.seleniumhq.org/exceptions/no_such_element.html
Build info: version: '3.141.59', revision: 'e82be7d358', time: '2018-11-14T08:17:03'
System info: host: '7USHAR', ip: '172.29.40.92', os.name: 'Windows 10', os.arch: 'amd64', os.version: '10.0', java.version: '1.8.0_271'
Driver info: org.openqa.selenium.chrome.ChromeDriver
Capabilities {acceptInsecureCerts: false, browserName: chrome, browserVersion: 100.0.4896.127, chrome: {chromedriverVersion: 100.0.4896.60 (6a5d10861ce8..., userDataDir: C:\Users\USER\AppData\Local...}, goog:chromeOptions: {debuggerAddress: localhost:49929}, javascriptEnabled: true, networkConnectionEnabled: false, pageLoadStrategy: normal, platform: WINDOWS, platformName: WINDOWS, proxy: Proxy(), setWindowRect: true, strictFileInteractability: false, timeouts: {implicit: 0, pageLoad: 300000, script: 30000}, unhandledPromptBehavior: dismiss and notify, webauthn:extension:credBlob: true, webauthn:extension:largeBlob: true, webauthn:virtualAuthenticators: true}
Session ID: a40939698fc103861d4f4a06326f41c9
*** Element info: {Using=link text, value=Success}
	at sun.reflect.GeneratedConstructorAccessor18.newInstance(Unknown Source)
	at sun.reflect.DelegatingConstructorAccessorImpl.newInstance(DelegatingConstructorAccessorImpl.java:45)
	at java.lang.reflect.Constructor.newInstance(Constructor.java:423)
	at org.openqa.selenium.remote.http.W3CHttpResponseCodec.createException(W3CHttpResponseCodec.java:187)
	at org.openqa.selenium.remote.http.W3CHttpResponseCodec.decode(W3CHttpResponseCodec.java:122)
	at org.openqa.selenium.remote.http.W3CHttpResponseCodec.decode(W3CHttpResponseCodec.java:49)
	at org.openqa.selenium.remote.HttpCommandExecutor.execute(HttpCommandExecutor.java:158)
	at org.openqa.selenium.remote.service.DriverCommandExecutor.execute(DriverCommandExecutor.java:83)
	at org.openqa.selenium.remote.RemoteWebDriver.execute(RemoteWebDriver.java:552)
	at org.openqa.selenium.remote.RemoteWebDriver.findElement(RemoteWebDriver.java:323)
	at org.openqa.selenium.remote.RemoteWebDriver.findElementByLinkText(RemoteWebDriver.java:380)
	at org.openqa.selenium.By$ByLinkText.findElement(By.java:220)
	at org.openqa.selenium.remote.RemoteWebDriver.findElement(RemoteWebDriver.java:315)
	at org.openqa.selenium.support.pagefactory.DefaultElementLocator.findElement(DefaultElementLocator.java:69)
	at org.openqa.selenium.support.pagefactory.internal.LocatingElementHandler.invoke(LocatingElementHandler.java:38)
	at com.sun.proxy.$Proxy21.getText(Unknown Source)
	at com.tutorialsninja.automation.framework.Elements.getText(Elements.java:44)
	at com.tutorialsninja.automation.stepdef.Register.i_should_see_that_the_User_Account_has_successfully_created(Register.java:52)
	at âœ½.I should see that the User Account has successfully created(classpath:FeatureFiles//Register.feature:37)


    Embedding Verify whether the user is able to register into application by opting for Newsletter subscription [image/png 108818 bytes]

2022-04-26 10:20:22 [INFO ] [Hooks] - [closeBrowser] Scenario Completed: Verify whether the user is able to register into application by opting for Newsletter subscription
2022-04-26 10:20:22 [INFO ] [Hooks] - [closeBrowser] Scenario Status is: FAILED

Scenario: Verify whether the user is restricted from creating a duplicate account # FeatureFiles//Register.feature:40
2022-04-26 10:20:22 [INFO ] [Hooks] - [setUp] Scenario Started: Verify whether the user is restricted from creating a duplicate account
2022-04-26 10:20:22 [INFO ] [Browser] - [startBrowser] Selected Browser is: chrome
2022-04-26 10:20:25 [INFO ] [Browser] - [startBrowser] Chrome Browser is Started1854922009
  Given I launch the application                                                  # com.tutorialsninja.automation.stepdef.Register.i_launch_the_application()
  And I navigate to Account Registration page                                     # com.tutorialsninja.automation.stepdef.Register.i_navigate_to_Account_Registration_page()
  When I provide all the below valid details                                      # com.tutorialsninja.automation.stepdef.Register.i_provide_all_the_below_valid_details(io.cucumber.datatable.DataTable)
  And I select the Privacy Policy                                                 # com.tutorialsninja.automation.stepdef.Register.i_select_the_Privacy_Policy()
  And I click on Continue button                                                  # com.tutorialsninja.automation.stepdef.Register.i_click_on_Continue_button()
  Then I should see user is restricted from creating duplicate account            # com.tutorialsninja.automation.stepdef.Register.i_should_see_user_is_restricted_from_creating_duplicate_account()
2022-04-26 10:20:33 [INFO ] [Hooks] - [closeBrowser] Scenario Completed: Verify whether the user is restricted from creating a duplicate account
2022-04-26 10:20:33 [INFO ] [Hooks] - [closeBrowser] Scenario Status is: PASSED

Scenario: Verify whether the User is able to search for products # FeatureFiles//Search.feature:4
2022-04-26 10:20:33 [INFO ] [Hooks] - [setUp] Scenario Started: Verify whether the User is able to search for products
2022-04-26 10:20:33 [INFO ] [Browser] - [startBrowser] Selected Browser is: chrome
2022-04-26 10:20:37 [INFO ] [Browser] - [startBrowser] Chrome Browser is Started2093834526
  Given I launch the application                                 # com.tutorialsninja.automation.stepdef.Register.i_launch_the_application()
  When I search for a product "Samsung SyncMaster 941BW"         # com.tutorialsninja.automation.stepdef.Search.i_search_for_a_product(java.lang.String)
  Then I should see the product in the search resultsil address  # com.tutorialsninja.automation.stepdef.Search.i_should_see_the_product_in_the_search_resultsil_address()
2022-04-26 10:20:42 [INFO ] [Hooks] - [closeBrowser] Scenario Completed: Verify whether the User is able to search for products
2022-04-26 10:20:42 [INFO ] [Hooks] - [closeBrowser] Scenario Status is: PASSED

Scenario: Verify whether user is informed when product being searched is not available # FeatureFiles//Search.feature:9
2022-04-26 10:20:43 [INFO ] [Hooks] - [setUp] Scenario Started: Verify whether user is informed when product being searched is not available
2022-04-26 10:20:43 [INFO ] [Browser] - [startBrowser] Selected Browser is: chrome
2022-04-26 10:20:46 [INFO ] [Browser] - [startBrowser] Chrome Browser is Started366098173
  Given I launch the application                                                       # com.tutorialsninja.automation.stepdef.Register.i_launch_the_application()
  When I search for a product "Apple iphone"                                           # com.tutorialsninja.automation.stepdef.Search.i_search_for_a_product(java.lang.String)
  Then I should see "There is no product that matches the search criteria." message    # com.tutorialsninja.automation.stepdef.Search.i_should_see_message(java.lang.String)
2022-04-26 10:20:51 [INFO ] [Hooks] - [closeBrowser] Scenario Completed: Verify whether user is informed when product being searched is not available
2022-04-26 10:20:51 [INFO ] [Hooks] - [closeBrowser] Scenario Status is: PASSED
]]></system-out>
    <system-err><![CDATA[SLF4J: Failed to load class "org.slf4j.impl.StaticLoggerBinder".
SLF4J: Defaulting to no-operation (NOP) logger implementation
SLF4J: See http://www.slf4j.org/codes.html#StaticLoggerBinder for further details.
Starting ChromeDriver 100.0.4896.60 (6a5d10861ce8de5fce22564658033b43cb7de047-refs/branch-heads/4896@{#875}) on port 4116
Only local connections are allowed.
Please see https://chromedriver.chromium.org/security-considerations for suggestions on keeping ChromeDriver safe.
ChromeDriver was started successfully.
Apr 26, 2022 10:18:27 AM org.openqa.selenium.remote.ProtocolHandshake createSession
INFO: Detected dialect: W3C
Starting ChromeDriver 100.0.4896.60 (6a5d10861ce8de5fce22564658033b43cb7de047-refs/branch-heads/4896@{#875}) on port 44275
Only local connections are allowed.
Please see https://chromedriver.chromium.org/security-considerations for suggestions on keeping ChromeDriver safe.
ChromeDriver was started successfully.
Apr 26, 2022 10:18:35 AM org.openqa.selenium.remote.ProtocolHandshake createSession
INFO: Detected dialect: W3C
Starting ChromeDriver 100.0.4896.60 (6a5d10861ce8de5fce22564658033b43cb7de047-refs/branch-heads/4896@{#875}) on port 45322
Only local connections are allowed.
Please see https://chromedriver.chromium.org/security-considerations for suggestions on keeping ChromeDriver safe.
ChromeDriver was started successfully.
Apr 26, 2022 10:18:46 AM org.openqa.selenium.remote.ProtocolHandshake createSession
INFO: Detected dialect: W3C
Starting ChromeDriver 100.0.4896.60 (6a5d10861ce8de5fce22564658033b43cb7de047-refs/branch-heads/4896@{#875}) on port 25817
Only local connections are allowed.
Please see https://chromedriver.chromium.org/security-considerations for suggestions on keeping ChromeDriver safe.
ChromeDriver was started successfully.
Apr 26, 2022 10:18:58 AM org.openqa.selenium.remote.ProtocolHandshake createSession
INFO: Detected dialect: W3C
Starting ChromeDriver 100.0.4896.60 (6a5d10861ce8de5fce22564658033b43cb7de047-refs/branch-heads/4896@{#875}) on port 12485
Only local connections are allowed.
Please see https://chromedriver.chromium.org/security-considerations for suggestions on keeping ChromeDriver safe.
ChromeDriver was started successfully.
Apr 26, 2022 10:19:08 AM org.openqa.selenium.remote.ProtocolHandshake createSession
INFO: Detected dialect: W3C
Starting ChromeDriver 100.0.4896.60 (6a5d10861ce8de5fce22564658033b43cb7de047-refs/branch-heads/4896@{#875}) on port 39954
Only local connections are allowed.
Please see https://chromedriver.chromium.org/security-considerations for suggestions on keeping ChromeDriver safe.
ChromeDriver was started successfully.
Apr 26, 2022 10:19:50 AM org.openqa.selenium.remote.ProtocolHandshake createSession
INFO: Detected dialect: W3C
Starting ChromeDriver 100.0.4896.60 (6a5d10861ce8de5fce22564658033b43cb7de047-refs/branch-heads/4896@{#875}) on port 44102
Only local connections are allowed.
Please see https://chromedriver.chromium.org/security-considerations for suggestions on keeping ChromeDriver safe.
ChromeDriver was started successfully.
Apr 26, 2022 10:20:02 AM org.openqa.selenium.remote.ProtocolHandshake createSession
INFO: Detected dialect: W3C
Starting ChromeDriver 100.0.4896.60 (6a5d10861ce8de5fce22564658033b43cb7de047-refs/branch-heads/4896@{#875}) on port 33876
Only local connections are allowed.
Please see https://chromedriver.chromium.org/security-considerations for suggestions on keeping ChromeDriver safe.
ChromeDriver was started successfully.
Apr 26, 2022 10:20:14 AM org.openqa.selenium.remote.ProtocolHandshake createSession
INFO: Detected dialect: W3C
Starting ChromeDriver 100.0.4896.60 (6a5d10861ce8de5fce22564658033b43cb7de047-refs/branch-heads/4896@{#875}) on port 9561
Only local connections are allowed.
Please see https://chromedriver.chromium.org/security-considerations for suggestions on keeping ChromeDriver safe.
ChromeDriver was started successfully.
Apr 26, 2022 10:20:25 AM org.openqa.selenium.remote.ProtocolHandshake createSession
INFO: Detected dialect: W3C
Starting ChromeDriver 100.0.4896.60 (6a5d10861ce8de5fce22564658033b43cb7de047-refs/branch-heads/4896@{#875}) on port 2028
Only local connections are allowed.
Please see https://chromedriver.chromium.org/security-considerations for suggestions on keeping ChromeDriver safe.
ChromeDriver was started successfully.
Apr 26, 2022 10:20:37 AM org.openqa.selenium.remote.ProtocolHandshake createSession
INFO: Detected dialect: W3C
Starting ChromeDriver 100.0.4896.60 (6a5d10861ce8de5fce22564658033b43cb7de047-refs/branch-heads/4896@{#875}) on port 28964
Only local connections are allowed.
Please see https://chromedriver.chromium.org/security-considerations for suggestions on keeping ChromeDriver safe.
ChromeDriver was started successfully.
Apr 26, 2022 10:20:46 AM org.openqa.selenium.remote.ProtocolHandshake createSession
INFO: Detected dialect: W3C
Apr 26, 2022 10:20:52 AM tech.grasshopper.pdf.PDFCucumberReport collectReportConfiguration
INFO: PDF report configuration not found. Using default settings.
]]></system-err>
  </testcase>
</testsuite>